<?xml version="1.0" encoding="UTF-8"?>
<testsuite xmlns:xsi="http://www.w3.org/2001/XMLSchema-instance" xsi:noNamespaceSchemaLocation="https://maven.apache.org/surefire/maven-surefire-plugin/xsd/surefire-test-report.xsd" name="com.openclassrooms.testing.CalculatorTest" time="0.868" tests="14" errors="0" skipped="0" failures="0">
  <properties>
[...]
</properties>
  <testcase name="testAddTwoPositiveNumbers" classname="com.openclassrooms.testing.CalculatorTest" time="0.145"/>
  <testcase name="add_shouldReturnTheSum_ofMultipleIntegers{int, int, int}[1]" classname="com.openclassrooms.testing.CalculatorTest" time="0.03"/>
  <testcase name="add_shouldReturnTheSum_ofMultipleIntegers{int, int, int}[2]" classname="com.openclassrooms.testing.CalculatorTest" time="0.002"/>
  <testcase name="add_shouldReturnTheSum_ofMultipleIntegers{int, int, int}[3]" classname="com.openclassrooms.testing.CalculatorTest" time="0.002"/>
  <testcase name="multiply_shouldReturnTheProduct_ofTwoIntegers" classname="com.openclassrooms.testing.CalculatorTest" time="0.001"/>
  <testcase name="longCalcul_shouldComputeInLessThan1Second" classname="com.openclassrooms.testing.CalculatorTest" time="0.513"/>
  <testcase name="listDigits_shouldReturnsTheListOfZero_ofZero" classname="com.openclassrooms.testing.CalculatorTest" time="0.016"/>
  <testcase name="listDigits_shouldReturnsTheListOfDigits_ofPositiveInteger" classname="com.openclassrooms.testing.CalculatorTest" time="0.005"/>
  <testcase name="listDigits_shouldReturnsTheListOfDigits_ofNegativeInteger" classname="com.openclassrooms.testing.CalculatorTest" time="0.003"/>
  <testcase name="multiply_shouldReturnZero_ofZeroWithMultipleIntegers{int}[1]" classname="com.openclassrooms.testing.CalculatorTest" time="0.006"/>
  <testcase name="multiply_shouldReturnZero_ofZeroWithMultipleIntegers{int}[2]" classname="com.openclassrooms.testing.CalculatorTest" time="0.001"/>
  <testcase name="multiply_shouldReturnZero_ofZeroWithMultipleIntegers{int}[3]" classname="com.openclassrooms.testing.CalculatorTest" time="0.004"/>
  <testcase name="multiply_shouldReturnZero_ofZeroWithMultipleIntegers{int}[4]" classname="com.openclassrooms.testing.CalculatorTest" time="0.002"/>
  <testcase name="multiply_shouldReturnZero_ofZeroWithMultipleIntegers{int}[5]" classname="com.openclassrooms.testing.CalculatorTest" time="0.002"/>
</testsuite>